# JRE version: Java(TM) SE Runtime Environment (8.0_202-b08) (build 1.8.0_202-b08)
# Java VM: Java HotSpot(TM) 64-Bit Server VM (25.202-b08 mixed mode windows-amd64 compressed oops)
Heap:
 PSYoungGen      total 75776K, used 15174K [0x000000076bd00000, 0x0000000775100000, 0x00000007c0000000)
  eden space 65024K, 23% used [0x000000076bd00000,0x000000076cbd18a8,0x000000076fc80000)
  from space 10752K, 0% used [0x0000000774680000,0x0000000774680000,0x0000000775100000)
  to   space 10752K, 0% used [0x000000076fc80000,0x000000076fc80000,0x0000000770700000)
 ParOldGen       total 82944K, used 10932K [0x00000006c3600000, 0x00000006c8700000, 0x000000076bd00000)
  object space 82944K, 13% used [0x00000006c3600000,0x00000006c40ad350,0x00000006c8700000)
 Metaspace       used 22882K, capacity 23151K, committed 23424K, reserved 1071104K
  class space    used 2304K, capacity 2390K, committed 2432K, reserved 1048576K
GC Heap History (6 events):
Event: 1.228 GC heap before
{Heap before GC invocations=1 (full 0):
 PSYoungGen      total 75776K, used 65024K [0x000000076bd00000, 0x0000000771180000, 0x00000007c0000000)
  eden space 65024K, 100% used [0x000000076bd00000,0x000000076fc80000,0x000000076fc80000)
  from space 10752K, 0% used [0x0000000770700000,0x0000000770700000,0x0000000771180000)
  to   space 10752K, 0% used [0x000000076fc80000,0x000000076fc80000,0x0000000770700000)
 ParOldGen       total 173568K, used 0K [0x00000006c3600000, 0x00000006cdf80000, 0x000000076bd00000)
  object space 173568K, 0% used [0x00000006c3600000,0x00000006c3600000,0x00000006cdf80000)
 Metaspace       used 16763K, capacity 17003K, committed 17152K, reserved 1064960K
  class space    used 1611K, capacity 1697K, committed 1792K, reserved 1048576K
Event: 1.245 GC heap after
Heap after GC invocations=1 (full 0):
 PSYoungGen      total 75776K, used 9045K [0x000000076bd00000, 0x0000000775100000, 0x00000007c0000000)
  eden space 65024K, 0% used [0x000000076bd00000,0x000000076bd00000,0x000000076fc80000)
  from space 10752K, 84% used [0x000000076fc80000,0x0000000770555798,0x0000000770700000)
  to   space 10752K, 0% used [0x0000000774680000,0x0000000774680000,0x0000000775100000)
 ParOldGen       total 173568K, used 0K [0x00000006c3600000, 0x00000006cdf80000, 0x000000076bd00000)
  object space 173568K, 0% used [0x00000006c3600000,0x00000006c3600000,0x00000006cdf80000)
 Metaspace       used 16763K, capacity 17003K, committed 17152K, reserved 1064960K
  class space    used 1611K, capacity 1697K, committed 1792K, reserved 1048576K
}
Event: 9.660 GC heap before
{Heap before GC invocations=2 (full 0):
 PSYoungGen      total 75776K, used 52774K [0x000000076bd00000, 0x0000000775100000, 0x00000007c0000000)
  eden space 65024K, 67% used [0x000000076bd00000,0x000000076e7b4230,0x000000076fc80000)
  from space 10752K, 84% used [0x000000076fc80000,0x0000000770555798,0x0000000770700000)
  to   space 10752K, 0% used [0x0000000774680000,0x0000000774680000,0x0000000775100000)
 ParOldGen       total 173568K, used 0K [0x00000006c3600000, 0x00000006cdf80000, 0x000000076bd00000)
  object space 173568K, 0% used [0x00000006c3600000,0x00000006c3600000,0x00000006cdf80000)
 Metaspace       used 20795K, capacity 21097K, committed 21248K, reserved 1069056K
  class space    used 2076K, capacity 2197K, committed 2304K, reserved 1048576K
Event: 9.665 GC heap after
Heap after GC invocations=2 (full 0):
 PSYoungGen      total 75776K, used 10746K [0x000000076bd00000, 0x0000000775100000, 0x00000007c0000000)
  eden space 65024K, 0% used [0x000000076bd00000,0x000000076bd00000,0x000000076fc80000)
  from space 10752K, 99% used [0x0000000774680000,0x00000007750fea60,0x0000000775100000)
  to   space 10752K, 0% used [0x000000076fc80000,0x000000076fc80000,0x0000000770700000)
 ParOldGen       total 173568K, used 5331K [0x00000006c3600000, 0x00000006cdf80000, 0x000000076bd00000)
  object space 173568K, 3% used [0x00000006c3600000,0x00000006c3b34ec8,0x00000006cdf80000)
 Metaspace       used 20795K, capacity 21097K, committed 21248K, reserved 1069056K
  class space    used 2076K, capacity 2197K, committed 2304K, reserved 1048576K
}
Event: 9.665 GC heap before
{Heap before GC invocations=3 (full 1):
 PSYoungGen      total 75776K, used 10746K [0x000000076bd00000, 0x0000000775100000, 0x00000007c0000000)
  eden space 65024K, 0% used [0x000000076bd00000,0x000000076bd00000,0x000000076fc80000)
  from space 10752K, 99% used [0x0000000774680000,0x00000007750fea60,0x0000000775100000)
  to   space 10752K, 0% used [0x000000076fc80000,0x000000076fc80000,0x0000000770700000)
 ParOldGen       total 173568K, used 5331K [0x00000006c3600000, 0x00000006cdf80000, 0x000000076bd00000)
  object space 173568K, 3% used [0x00000006c3600000,0x00000006c3b34ec8,0x00000006cdf80000)
 Metaspace       used 20795K, capacity 21097K, committed 21248K, reserved 1069056K
  class space    used 2076K, capacity 2197K, committed 2304K, reserved 1048576K
Event: 9.683 GC heap after
Heap after GC invocations=3 (full 1):
 PSYoungGen      total 75776K, used 0K [0x000000076bd00000, 0x0000000775100000, 0x00000007c0000000)
  eden space 65024K, 0% used [0x000000076bd00000,0x000000076bd00000,0x000000076fc80000)
  from space 10752K, 0% used [0x0000000774680000,0x0000000774680000,0x0000000775100000)
  to   space 10752K, 0% used [0x000000076fc80000,0x000000076fc80000,0x0000000770700000)
 ParOldGen       total 82944K, used 10932K [0x00000006c3600000, 0x00000006c8700000, 0x000000076bd00000)
  object space 82944K, 13% used [0x00000006c3600000,0x00000006c40ad350,0x00000006c8700000)
 Metaspace       used 20795K, capacity 21097K, committed 21248K, reserved 1069056K
  class space    used 2076K, capacity 2197K, committed 2304K, reserved 1048576K
}

