# JRE version: Java(TM) SE Runtime Environment (8.0_202-b08) (build 1.8.0_202-b08)
# Java VM: Java HotSpot(TM) 64-Bit Server VM (25.202-b08 mixed mode windows-amd64 compressed oops)
Heap:
 PSYoungGen      total 75776K, used 17855K [0x000000076bd00000, 0x0000000771180000, 0x00000007c0000000)
  eden space 65024K, 27% used [0x000000076bd00000,0x000000076ce6fd90,0x000000076fc80000)
  from space 10752K, 0% used [0x0000000770700000,0x0000000770700000,0x0000000771180000)
  to   space 10752K, 0% used [0x000000076fc80000,0x000000076fc80000,0x0000000770700000)
 ParOldGen       total 117248K, used 10912K [0x00000006c3600000, 0x00000006ca880000, 0x000000076bd00000)
  object space 117248K, 9% used [0x00000006c3600000,0x00000006c40a81b0,0x00000006ca880000)
 Metaspace       used 23240K, capacity 23535K, committed 23680K, reserved 1071104K
  class space    used 2300K, capacity 2390K, committed 2432K, reserved 1048576K
GC Heap History (6 events):
Event: 1.430 GC heap before
{Heap before GC invocations=1 (full 0):
 PSYoungGen      total 75776K, used 65024K [0x000000076bd00000, 0x0000000771180000, 0x00000007c0000000)
  eden space 65024K, 100% used [0x000000076bd00000,0x000000076fc80000,0x000000076fc80000)
  from space 10752K, 0% used [0x0000000770700000,0x0000000770700000,0x0000000771180000)
  to   space 10752K, 0% used [0x000000076fc80000,0x000000076fc80000,0x0000000770700000)
 ParOldGen       total 173568K, used 0K [0x00000006c3600000, 0x00000006cdf80000, 0x000000076bd00000)
  object space 173568K, 0% used [0x00000006c3600000,0x00000006c3600000,0x00000006cdf80000)
 Metaspace       used 16789K, capacity 17003K, committed 17152K, reserved 1064960K
  class space    used 1615K, capacity 1697K, committed 1792K, reserved 1048576K
Event: 1.440 GC heap after
Heap after GC invocations=1 (full 0):
 PSYoungGen      total 75776K, used 9090K [0x000000076bd00000, 0x0000000771180000, 0x00000007c0000000)
  eden space 65024K, 0% used [0x000000076bd00000,0x000000076bd00000,0x000000076fc80000)
  from space 10752K, 84% used [0x000000076fc80000,0x0000000770560850,0x0000000770700000)
  to   space 10752K, 0% used [0x0000000770700000,0x0000000770700000,0x0000000771180000)
 ParOldGen       total 173568K, used 0K [0x00000006c3600000, 0x00000006cdf80000, 0x000000076bd00000)
  object space 173568K, 0% used [0x00000006c3600000,0x00000006c3600000,0x00000006cdf80000)
 Metaspace       used 16789K, capacity 17003K, committed 17152K, reserved 1064960K
  class space    used 1615K, capacity 1697K, committed 1792K, reserved 1048576K
}
Event: 2.231 GC heap before
{Heap before GC invocations=2 (full 0):
 PSYoungGen      total 75776K, used 51581K [0x000000076bd00000, 0x0000000771180000, 0x00000007c0000000)
  eden space 65024K, 65% used [0x000000076bd00000,0x000000076e67ed38,0x000000076fc80000)
  from space 10752K, 84% used [0x000000076fc80000,0x0000000770560850,0x0000000770700000)
  to   space 10752K, 0% used [0x0000000770700000,0x0000000770700000,0x0000000771180000)
 ParOldGen       total 173568K, used 0K [0x00000006c3600000, 0x00000006cdf80000, 0x000000076bd00000)
  object space 173568K, 0% used [0x00000006c3600000,0x00000006c3600000,0x00000006cdf80000)
 Metaspace       used 20914K, capacity 21193K, committed 21296K, reserved 1069056K
  class space    used 2067K, capacity 2165K, committed 2176K, reserved 1048576K
Event: 2.237 GC heap after
Heap after GC invocations=2 (full 0):
 PSYoungGen      total 75776K, used 10748K [0x000000076bd00000, 0x0000000771180000, 0x00000007c0000000)
  eden space 65024K, 0% used [0x000000076bd00000,0x000000076bd00000,0x000000076fc80000)
  from space 10752K, 99% used [0x0000000770700000,0x000000077117f160,0x0000000771180000)
  to   space 10752K, 0% used [0x000000076fc80000,0x000000076fc80000,0x0000000770700000)
 ParOldGen       total 173568K, used 5290K [0x00000006c3600000, 0x00000006cdf80000, 0x000000076bd00000)
  object space 173568K, 3% used [0x00000006c3600000,0x00000006c3b2a9d0,0x00000006cdf80000)
 Metaspace       used 20914K, capacity 21193K, committed 21296K, reserved 1069056K
  class space    used 2067K, capacity 2165K, committed 2176K, reserved 1048576K
}
Event: 2.237 GC heap before
{Heap before GC invocations=3 (full 1):
 PSYoungGen      total 75776K, used 10748K [0x000000076bd00000, 0x0000000771180000, 0x00000007c0000000)
  eden space 65024K, 0% used [0x000000076bd00000,0x000000076bd00000,0x000000076fc80000)
  from space 10752K, 99% used [0x0000000770700000,0x000000077117f160,0x0000000771180000)
  to   space 10752K, 0% used [0x000000076fc80000,0x000000076fc80000,0x0000000770700000)
 ParOldGen       total 173568K, used 5290K [0x00000006c3600000, 0x00000006cdf80000, 0x000000076bd00000)
  object space 173568K, 3% used [0x00000006c3600000,0x00000006c3b2a9d0,0x00000006cdf80000)
 Metaspace       used 20914K, capacity 21193K, committed 21296K, reserved 1069056K
  class space    used 2067K, capacity 2165K, committed 2176K, reserved 1048576K
Event: 2.256 GC heap after
Heap after GC invocations=3 (full 1):
 PSYoungGen      total 75776K, used 0K [0x000000076bd00000, 0x0000000771180000, 0x00000007c0000000)
  eden space 65024K, 0% used [0x000000076bd00000,0x000000076bd00000,0x000000076fc80000)
  from space 10752K, 0% used [0x0000000770700000,0x0000000770700000,0x0000000771180000)
  to   space 10752K, 0% used [0x000000076fc80000,0x000000076fc80000,0x0000000770700000)
 ParOldGen       total 117248K, used 10912K [0x00000006c3600000, 0x00000006ca880000, 0x000000076bd00000)
  object space 117248K, 9% used [0x00000006c3600000,0x00000006c40a81b0,0x00000006ca880000)
 Metaspace       used 20914K, capacity 21193K, committed 21296K, reserved 1069056K
  class space    used 2067K, capacity 2165K, committed 2176K, reserved 1048576K
}

