# JRE version: Java(TM) SE Runtime Environment (8.0_202-b08) (build 1.8.0_202-b08)
# Java VM: Java HotSpot(TM) 64-Bit Server VM (25.202-b08 mixed mode windows-amd64 compressed oops)
Heap:
 PSYoungGen      total 75776K, used 20109K [0x000000076bd00000, 0x0000000771180000, 0x00000007c0000000)
  eden space 65024K, 30% used [0x000000076bd00000,0x000000076d0a37c0,0x000000076fc80000)
  from space 10752K, 0% used [0x0000000770700000,0x0000000770700000,0x0000000771180000)
  to   space 10752K, 0% used [0x000000076fc80000,0x000000076fc80000,0x0000000770700000)
 ParOldGen       total 118784K, used 10866K [0x00000006c3600000, 0x00000006caa00000, 0x000000076bd00000)
  object space 118784K, 9% used [0x00000006c3600000,0x00000006c409cb38,0x00000006caa00000)
 Metaspace       used 23391K, capacity 23731K, committed 23936K, reserved 1071104K
  class space    used 2306K, capacity 2390K, committed 2432K, reserved 1048576K
GC Heap History (6 events):
Event: 1.645 GC heap before
{Heap before GC invocations=1 (full 0):
 PSYoungGen      total 75776K, used 65024K [0x000000076bd00000, 0x0000000771180000, 0x00000007c0000000)
  eden space 65024K, 100% used [0x000000076bd00000,0x000000076fc80000,0x000000076fc80000)
  from space 10752K, 0% used [0x0000000770700000,0x0000000770700000,0x0000000771180000)
  to   space 10752K, 0% used [0x000000076fc80000,0x000000076fc80000,0x0000000770700000)
 ParOldGen       total 173568K, used 0K [0x00000006c3600000, 0x00000006cdf80000, 0x000000076bd00000)
  object space 173568K, 0% used [0x00000006c3600000,0x00000006c3600000,0x00000006cdf80000)
 Metaspace       used 16809K, capacity 17007K, committed 17152K, reserved 1064960K
  class space    used 1615K, capacity 1697K, committed 1792K, reserved 1048576K
Event: 1.655 GC heap after
Heap after GC invocations=1 (full 0):
 PSYoungGen      total 75776K, used 9069K [0x000000076bd00000, 0x0000000771180000, 0x00000007c0000000)
  eden space 65024K, 0% used [0x000000076bd00000,0x000000076bd00000,0x000000076fc80000)
  from space 10752K, 84% used [0x000000076fc80000,0x000000077055b498,0x0000000770700000)
  to   space 10752K, 0% used [0x0000000770700000,0x0000000770700000,0x0000000771180000)
 ParOldGen       total 173568K, used 0K [0x00000006c3600000, 0x00000006cdf80000, 0x000000076bd00000)
  object space 173568K, 0% used [0x00000006c3600000,0x00000006c3600000,0x00000006cdf80000)
 Metaspace       used 16809K, capacity 17007K, committed 17152K, reserved 1064960K
  class space    used 1615K, capacity 1697K, committed 1792K, reserved 1048576K
}
Event: 2.449 GC heap before
{Heap before GC invocations=2 (full 0):
 PSYoungGen      total 75776K, used 50857K [0x000000076bd00000, 0x0000000771180000, 0x00000007c0000000)
  eden space 65024K, 64% used [0x000000076bd00000,0x000000076e5cef78,0x000000076fc80000)
  from space 10752K, 84% used [0x000000076fc80000,0x000000077055b498,0x0000000770700000)
  to   space 10752K, 0% used [0x0000000770700000,0x0000000770700000,0x0000000771180000)
 ParOldGen       total 173568K, used 0K [0x00000006c3600000, 0x00000006cdf80000, 0x000000076bd00000)
  object space 173568K, 0% used [0x00000006c3600000,0x00000006c3600000,0x00000006cdf80000)
 Metaspace       used 20920K, capacity 21197K, committed 21296K, reserved 1069056K
  class space    used 2064K, capacity 2165K, committed 2176K, reserved 1048576K
Event: 2.454 GC heap after
Heap after GC invocations=2 (full 0):
 PSYoungGen      total 75776K, used 10747K [0x000000076bd00000, 0x0000000771180000, 0x00000007c0000000)
  eden space 65024K, 0% used [0x000000076bd00000,0x000000076bd00000,0x000000076fc80000)
  from space 10752K, 99% used [0x0000000770700000,0x000000077117ef40,0x0000000771180000)
  to   space 10752K, 0% used [0x000000076fc80000,0x000000076fc80000,0x0000000770700000)
 ParOldGen       total 173568K, used 5232K [0x00000006c3600000, 0x00000006cdf80000, 0x000000076bd00000)
  object space 173568K, 3% used [0x00000006c3600000,0x00000006c3b1c178,0x00000006cdf80000)
 Metaspace       used 20920K, capacity 21197K, committed 21296K, reserved 1069056K
  class space    used 2064K, capacity 2165K, committed 2176K, reserved 1048576K
}
Event: 2.454 GC heap before
{Heap before GC invocations=3 (full 1):
 PSYoungGen      total 75776K, used 10747K [0x000000076bd00000, 0x0000000771180000, 0x00000007c0000000)
  eden space 65024K, 0% used [0x000000076bd00000,0x000000076bd00000,0x000000076fc80000)
  from space 10752K, 99% used [0x0000000770700000,0x000000077117ef40,0x0000000771180000)
  to   space 10752K, 0% used [0x000000076fc80000,0x000000076fc80000,0x0000000770700000)
 ParOldGen       total 173568K, used 5232K [0x00000006c3600000, 0x00000006cdf80000, 0x000000076bd00000)
  object space 173568K, 3% used [0x00000006c3600000,0x00000006c3b1c178,0x00000006cdf80000)
 Metaspace       used 20920K, capacity 21197K, committed 21296K, reserved 1069056K
  class space    used 2064K, capacity 2165K, committed 2176K, reserved 1048576K
Event: 2.474 GC heap after
Heap after GC invocations=3 (full 1):
 PSYoungGen      total 75776K, used 0K [0x000000076bd00000, 0x0000000771180000, 0x00000007c0000000)
  eden space 65024K, 0% used [0x000000076bd00000,0x000000076bd00000,0x000000076fc80000)
  from space 10752K, 0% used [0x0000000770700000,0x0000000770700000,0x0000000771180000)
  to   space 10752K, 0% used [0x000000076fc80000,0x000000076fc80000,0x0000000770700000)
 ParOldGen       total 118784K, used 10866K [0x00000006c3600000, 0x00000006caa00000, 0x000000076bd00000)
  object space 118784K, 9% used [0x00000006c3600000,0x00000006c409cb38,0x00000006caa00000)
 Metaspace       used 20920K, capacity 21197K, committed 21296K, reserved 1069056K
  class space    used 2064K, capacity 2165K, committed 2176K, reserved 1048576K
}

